[UBISERVICE]	[2024-10-25 11:10:03.431]	[SYSTEM ENVIRONMENT INFO]
[UBISERVICE]	[2024-10-25 11:10:03.431]	> java.home=D:\SALESDOT\jdk\jdk1.8.0_181\jre
[UBISERVICE]	[2024-10-25 11:10:03.431]	> java.version=1.8.0_181
[UBISERVICE]	[2024-10-25 11:10:03.432]	> java.vm.version=25.181-b13
[UBISERVICE]	[2024-10-25 11:10:03.432]	> java.runtime.version=1.8.0_181-b13
[UBISERVICE]	[2024-10-25 11:10:03.432]	> sun.java2d.fontpath=D:/SALESDOT/workspace/unisales/src/main/webapp/UbiService\fonts\
[UBISERVICE]	[2024-10-25 11:10:03.435]	[SYSTEM FONT INFO]
[UBISERVICE]	[2024-10-25 11:10:03.694]	> Dialog
[UBISERVICE]	[2024-10-25 11:10:03.694]	> DialogInput
[UBISERVICE]	[2024-10-25 11:10:03.694]	> Lucida Bright
[UBISERVICE]	[2024-10-25 11:10:03.695]	> Lucida Sans
[UBISERVICE]	[2024-10-25 11:10:03.695]	> Lucida Sans Typewriter
[UBISERVICE]	[2024-10-25 11:10:03.695]	> MS Gothic
[UBISERVICE]	[2024-10-25 11:10:03.695]	> MS PGothic
[UBISERVICE]	[2024-10-25 11:10:03.695]	> MS UI Gothic
[UBISERVICE]	[2024-10-25 11:10:03.696]	> MT Extra
[UBISERVICE]	[2024-10-25 11:10:03.696]	> Monospaced
[UBISERVICE]	[2024-10-25 11:10:03.696]	> SansSerif
[UBISERVICE]	[2024-10-25 11:10:03.696]	> Serif
[UBISERVICE]	[2024-10-25 11:10:03.696]	> SimSun
[UBISERVICE]	[2024-10-25 11:10:03.696]	> 굴림
[UBISERVICE]	[2024-10-25 11:10:03.696]	> 굴림체
[UBISERVICE]	[2024-10-25 11:10:03.696]	> 궁서
[UBISERVICE]	[2024-10-25 11:10:03.696]	> 궁서체
[UBISERVICE]	[2024-10-25 11:10:03.696]	> 돋움
[UBISERVICE]	[2024-10-25 11:10:03.696]	> 돋움체
[UBISERVICE]	[2024-10-25 11:10:03.696]	> 맑은 고딕
[UBISERVICE]	[2024-10-25 11:10:03.696]	> 맑은 고딕 Semilight
[UBISERVICE]	[2024-10-25 11:10:03.697]	> 바탕
[UBISERVICE]	[2024-10-25 11:10:03.697]	> 바탕체
[UBISERVICE]	[2024-10-25 11:10:03.697]	> 새굴림
[UBISERVICE]	[2024-10-25 11:10:03.698]	[UBISERVICE TASK INFO]
[UBISERVICE]	[2024-10-25 11:10:03.698]	> TASK PERIOD : 1
[UBISERVICE]	[2024-10-25 11:10:03.699]	> TASK PERIOD TYPE : DAY
[UBISERVICE]	[2024-10-25 11:10:03.699]	[UBISERVICE TASK START]
[UBISERVICE]	[2024-10-25 11:10:03.699]	> [S3] RESID : UBIHTML
[UBISERVICE]	[2024-10-25 11:10:03.700]	> [S3] DIRECTORY : D:/SALESDOT/workspace/unisales/src/main/webapp/UbiService/results/UBIHTML
[UBISERVICE]	[2024-10-25 11:10:03.700]	> [S3] CONDITION : 1 DAY
[UBISERVICE]	[2024-10-25 11:10:03.700]	[UBISERVICE TASK END]
